{"/media/jmlinger/4eea0833-fb76-1449-a5ac-7298d80b36a1/backup/web_development/processos_seletivos/global_financeiro/digidex/server/src/server.ts": {"path":"/media/jmlinger/4eea0833-fb76-1449-a5ac-7298d80b36a1/backup/web_development/processos_seletivos/global_financeiro/digidex/server/src/server.ts","statementMap":{"0":{"start":{"line":3,"column":0},"end":{"line":3,"column":22}},"1":{"start":{"line":4,"column":0},"end":{"line":4,"column":29}},"2":{"start":{"line":5,"column":0},"end":{"line":5,"column":32}},"3":{"start":{"line":6,"column":0},"end":{"line":6,"column":54}},"4":{"start":{"line":7,"column":0},"end":{"line":7,"column":47}},"5":{"start":{"line":10,"column":14},"end":{"line":10,"column":23}},"6":{"start":{"line":12,"column":2},"end":{"line":14,"column":null}},"7":{"start":{"line":16,"column":2},"end":{"line":16,"column":null}},"8":{"start":{"line":18,"column":2},"end":{"line":18,"column":null}},"9":{"start":{"line":20,"column":2},"end":{"line":20,"column":null}},"10":{"start":{"line":22,"column":2},"end":{"line":22,"column":null}},"11":{"start":{"line":9,"column":0},"end":{"line":9,"column":7}},"12":{"start":{"line":25,"column":22},"end":{"line":28,"column":null}},"13":{"start":{"line":30,"column":0},"end":{"line":45,"column":1}},"14":{"start":{"line":31,"column":22},"end":{"line":42,"column":3}},"15":{"start":{"line":32,"column":4},"end":{"line":41,"column":5}},"16":{"start":{"line":33,"column":30},"end":{"line":33,"column":50}},"17":{"start":{"line":34,"column":6},"end":{"line":34,"column":null}},"18":{"start":{"line":35,"column":6},"end":{"line":37,"column":null}},"19":{"start":{"line":39,"column":6},"end":{"line":39,"column":null}},"20":{"start":{"line":40,"column":6},"end":{"line":40,"column":null}},"21":{"start":{"line":44,"column":2},"end":{"line":44,"column":null}}},"fnMap":{"0":{"name":"createServer","decl":{"start":{"line":9,"column":22},"end":{"line":9,"column":34}},"loc":{"start":{"line":9,"column":34},"end":{"line":23,"column":1}}},"1":{"name":"(anonymous_2)","decl":{"start":{"line":31,"column":22},"end":{"line":31,"column":27}},"loc":{"start":{"line":31,"column":33},"end":{"line":42,"column":3}}}},"branchMap":{"0":{"loc":{"start":{"line":27,"column":8},"end":{"line":27,"column":58}},"type":"cond-expr","locations":[{"start":{"line":27,"column":27},"end":{"line":27,"column":51}},{"start":{"line":27,"column":54},"end":{"line":27,"column":58}}]},"1":{"loc":{"start":{"line":30,"column":0},"end":{"line":45,"column":1}},"type":"if","locations":[{"start":{"line":30,"column":0},"end":{"line":45,"column":1}}]}},"s":{"0":1,"1":1,"2":1,"3":1,"4":1,"5":1,"6":1,"7":1,"8":1,"9":1,"10":1,"11":1,"12":1,"13":1,"14":0,"15":0,"16":0,"17":0,"18":0,"19":0,"20":0,"21":0},"f":{"0":1,"1":0},"b":{"0":[0,1],"1":[0]}}
,"/media/jmlinger/4eea0833-fb76-1449-a5ac-7298d80b36a1/backup/web_development/processos_seletivos/global_financeiro/digidex/server/src/controllers/digimonController.ts": {"path":"/media/jmlinger/4eea0833-fb76-1449-a5ac-7298d80b36a1/backup/web_development/processos_seletivos/global_financeiro/digidex/server/src/controllers/digimonController.ts","statementMap":{"0":{"start":{"line":2,"column":0},"end":{"line":2,"column":56}},"1":{"start":{"line":9,"column":2},"end":{"line":20,"column":3}},"2":{"start":{"line":10,"column":21},"end":{"line":10,"column":76}},"3":{"start":{"line":12,"column":4},"end":{"line":14,"column":5}},"4":{"start":{"line":13,"column":6},"end":{"line":13,"column":null}},"5":{"start":{"line":16,"column":4},"end":{"line":16,"column":null}},"6":{"start":{"line":18,"column":4},"end":{"line":18,"column":null}},"7":{"start":{"line":19,"column":4},"end":{"line":19,"column":null}},"8":{"start":{"line":5,"column":0},"end":{"line":5,"column":7}}},"fnMap":{"0":{"name":"getDigimonHandler","decl":{"start":{"line":5,"column":22},"end":{"line":5,"column":39}},"loc":{"start":{"line":7,"column":21},"end":{"line":21,"column":1}}}},"branchMap":{"0":{"loc":{"start":{"line":12,"column":4},"end":{"line":14,"column":5}},"type":"if","locations":[{"start":{"line":12,"column":4},"end":{"line":14,"column":5}}]}},"s":{"0":1,"1":6,"2":6,"3":5,"4":1,"5":4,"6":1,"7":1,"8":1},"f":{"0":6},"b":{"0":[1]}}
,"/media/jmlinger/4eea0833-fb76-1449-a5ac-7298d80b36a1/backup/web_development/processos_seletivos/global_financeiro/digidex/server/src/models/db.ts": {"path":"/media/jmlinger/4eea0833-fb76-1449-a5ac-7298d80b36a1/backup/web_development/processos_seletivos/global_financeiro/digidex/server/src/models/db.ts","statementMap":{"0":{"start":{"line":3,"column":0},"end":{"line":3,"column":22}},"1":{"start":{"line":4,"column":0},"end":{"line":4,"column":31}},"2":{"start":{"line":7,"column":2},"end":{"line":13,"column":3}},"3":{"start":{"line":8,"column":4},"end":{"line":8,"column":null}},"4":{"start":{"line":9,"column":4},"end":{"line":9,"column":null}},"5":{"start":{"line":11,"column":4},"end":{"line":11,"column":null}},"6":{"start":{"line":12,"column":4},"end":{"line":12,"column":null}},"7":{"start":{"line":6,"column":0},"end":{"line":6,"column":7}},"8":{"start":{"line":17,"column":2},"end":{"line":23,"column":3}},"9":{"start":{"line":18,"column":4},"end":{"line":18,"column":null}},"10":{"start":{"line":19,"column":4},"end":{"line":19,"column":null}},"11":{"start":{"line":21,"column":4},"end":{"line":21,"column":null}},"12":{"start":{"line":22,"column":4},"end":{"line":22,"column":null}},"13":{"start":{"line":16,"column":0},"end":{"line":16,"column":7}}},"fnMap":{"0":{"name":"connectToDatabase","decl":{"start":{"line":6,"column":22},"end":{"line":6,"column":39}},"loc":{"start":{"line":6,"column":39},"end":{"line":14,"column":1}}},"1":{"name":"disconnectFromDatabase","decl":{"start":{"line":16,"column":22},"end":{"line":16,"column":44}},"loc":{"start":{"line":16,"column":44},"end":{"line":24,"column":1}}}},"branchMap":{},"s":{"0":1,"1":1,"2":1,"3":1,"4":1,"5":0,"6":0,"7":1,"8":1,"9":1,"10":1,"11":0,"12":0,"13":1},"f":{"0":1,"1":1},"b":{}}
,"/media/jmlinger/4eea0833-fb76-1449-a5ac-7298d80b36a1/backup/web_development/processos_seletivos/global_financeiro/digidex/server/src/models/digimonModel.ts": {"path":"/media/jmlinger/4eea0833-fb76-1449-a5ac-7298d80b36a1/backup/web_development/processos_seletivos/global_financeiro/digidex/server/src/models/digimonModel.ts","statementMap":{"0":{"start":{"line":1,"column":0},"end":{"line":1,"column":40}},"1":{"start":{"line":4,"column":22},"end":{"line":10,"column":null}},"2":{"start":{"line":13,"column":0},"end":{"line":13,"column":null}}},"fnMap":{},"branchMap":{},"s":{"0":1,"1":1,"2":1},"f":{},"b":{}}
,"/media/jmlinger/4eea0833-fb76-1449-a5ac-7298d80b36a1/backup/web_development/processos_seletivos/global_financeiro/digidex/server/src/routes/digimonRoutes.ts": {"path":"/media/jmlinger/4eea0833-fb76-1449-a5ac-7298d80b36a1/backup/web_development/processos_seletivos/global_financeiro/digidex/server/src/routes/digimonRoutes.ts","statementMap":{"0":{"start":{"line":2,"column":0},"end":{"line":2,"column":68}},"1":{"start":{"line":5,"column":2},"end":{"line":5,"column":null}},"2":{"start":{"line":4,"column":0},"end":{"line":4,"column":7}}},"fnMap":{"0":{"name":"digimonRoutes","decl":{"start":{"line":4,"column":22},"end":{"line":4,"column":35}},"loc":{"start":{"line":4,"column":56},"end":{"line":6,"column":1}}}},"branchMap":{},"s":{"0":1,"1":1,"2":1},"f":{"0":1},"b":{}}
,"/media/jmlinger/4eea0833-fb76-1449-a5ac-7298d80b36a1/backup/web_development/processos_seletivos/global_financeiro/digidex/server/src/services/digimonService.ts": {"path":"/media/jmlinger/4eea0833-fb76-1449-a5ac-7298d80b36a1/backup/web_development/processos_seletivos/global_financeiro/digidex/server/src/services/digimonService.ts","statementMap":{"0":{"start":{"line":1,"column":0},"end":{"line":1,"column":23}},"1":{"start":{"line":3,"column":0},"end":{"line":3,"column":44}},"2":{"start":{"line":9,"column":26},"end":{"line":14,"column":23}},"3":{"start":{"line":16,"column":49},"end":{"line":16,"column":51}},"4":{"start":{"line":18,"column":2},"end":{"line":20,"column":3}},"5":{"start":{"line":19,"column":4},"end":{"line":19,"column":null}},"6":{"start":{"line":22,"column":2},"end":{"line":24,"column":3}},"7":{"start":{"line":23,"column":4},"end":{"line":23,"column":null}},"8":{"start":{"line":26,"column":19},"end":{"line":26,"column":44}},"9":{"start":{"line":28,"column":2},"end":{"line":28,"column":null}},"10":{"start":{"line":6,"column":0},"end":{"line":6,"column":7}}},"fnMap":{"0":{"name":"getDigimons","decl":{"start":{"line":6,"column":22},"end":{"line":6,"column":33}},"loc":{"start":{"line":7,"column":34},"end":{"line":29,"column":1}}}},"branchMap":{"0":{"loc":{"start":{"line":18,"column":2},"end":{"line":20,"column":3}},"type":"if","locations":[{"start":{"line":18,"column":2},"end":{"line":20,"column":3}}]},"1":{"loc":{"start":{"line":22,"column":2},"end":{"line":24,"column":3}},"type":"if","locations":[{"start":{"line":22,"column":2},"end":{"line":24,"column":3}}]}},"s":{"0":1,"1":1,"2":5,"3":5,"4":5,"5":3,"6":5,"7":3,"8":5,"9":5,"10":1},"f":{"0":5},"b":{"0":[3],"1":[3]}}
}
