TN:
SF:src/server.ts
FN:9,createServer
FN:31,(anonymous_2)
FNF:2
FNH:1
FNDA:1,createServer
FNDA:0,(anonymous_2)
DA:3,1
DA:4,1
DA:5,1
DA:6,1
DA:7,1
DA:9,1
DA:10,1
DA:12,1
DA:16,1
DA:18,1
DA:20,1
DA:22,1
DA:25,1
DA:30,1
DA:31,0
DA:32,0
DA:33,0
DA:34,0
DA:35,0
DA:39,0
DA:40,0
DA:44,0
LF:22
LH:14
BRDA:27,0,0,0
BRDA:27,0,1,1
BRDA:30,1,0,0
BRF:3
BRH:1
end_of_record
TN:
SF:src/controllers/digimonController.ts
FN:5,getDigimonHandler
FNF:1
FNH:1
FNDA:6,getDigimonHandler
DA:2,1
DA:5,1
DA:9,6
DA:10,6
DA:12,5
DA:13,1
DA:16,4
DA:18,1
DA:19,1
LF:9
LH:9
BRDA:12,0,0,1
BRF:1
BRH:1
end_of_record
TN:
SF:src/models/db.ts
FN:6,connectToDatabase
FN:16,disconnectFromDatabase
FNF:2
FNH:2
FNDA:1,connectToDatabase
FNDA:1,disconnectFromDatabase
DA:3,1
DA:4,1
DA:6,1
DA:7,1
DA:8,1
DA:9,1
DA:11,0
DA:12,0
DA:16,1
DA:17,1
DA:18,1
DA:19,1
DA:21,0
DA:22,0
LF:14
LH:10
BRF:0
BRH:0
end_of_record
TN:
SF:src/models/digimonModel.ts
FNF:0
FNH:0
DA:1,1
DA:4,1
DA:13,1
LF:3
LH:3
BRF:0
BRH:0
end_of_record
TN:
SF:src/routes/digimonRoutes.ts
FN:4,digimonRoutes
FNF:1
FNH:1
FNDA:1,digimonRoutes
DA:2,1
DA:4,1
DA:5,1
LF:3
LH:3
BRF:0
BRH:0
end_of_record
TN:
SF:src/services/digimonService.ts
FN:6,getDigimons
FNF:1
FNH:1
FNDA:5,getDigimons
DA:1,1
DA:3,1
DA:6,1
DA:9,5
DA:16,5
DA:18,5
DA:19,3
DA:22,5
DA:23,3
DA:26,5
DA:28,5
LF:11
LH:11
BRDA:18,0,0,3
BRDA:22,1,0,3
BRF:2
BRH:2
end_of_record
